c:\users\keegan\documents\github\mudserver\debug\vc140.pdb
c:\users\keegan\documents\github\mudserver\debug\vc140.idb
d:\users\kvand_000\documents\github\mudserver\debug\vc140.pdb
d:\users\kvand_000\documents\github\mudserver\debug\vc140.idb
d:\users\kvand_000\documents\github\mudserver\debug\mudserver_libevent.obj
d:\users\kvand_000\documents\github\mudserver\debug\message.obj
d:\users\kvand_000\documents\github\mudserver\debug\messagebuffer.obj
d:\users\kvand_000\documents\github\mudserver\debug\server.obj
d:\users\kvand_000\documents\github\mudserver\debug\tcplistener.obj
d:\users\kvand_000\documents\github\mudserver\debug\tcpstream.obj
d:\users\kvand_000\documents\github\mudserver\debug\entitylist.obj
d:\users\kvand_000\documents\github\mudserver\debug\gameentity.obj
d:\users\kvand_000\documents\github\mudserver\debug\gameworld.obj
c:\users\keegan\documents\github\mudserver\debug\mudserver_libevent.ilk
c:\users\keegan\documents\github\mudserver\debug\mudserver_libevent.exe
c:\users\keegan\documents\github\mudserver\debug\mudserver_libevent.pdb
d:\users\kvand_000\documents\github\mudserver\debug\mudserver_libevent.pdb
d:\users\kvand_000\documents\github\mudserver\debug\mudserve.c2e1de5d.tlog\cl.command.1.tlog
d:\users\kvand_000\documents\github\mudserver\debug\mudserve.c2e1de5d.tlog\cl.read.1.tlog
d:\users\kvand_000\documents\github\mudserver\debug\mudserve.c2e1de5d.tlog\cl.write.1.tlog
d:\users\kvand_000\documents\github\mudserver\debug\mudserve.c2e1de5d.tlog\link-cvtres.read.1.tlog
d:\users\kvand_000\documents\github\mudserver\debug\mudserve.c2e1de5d.tlog\link-cvtres.write.1.tlog
d:\users\kvand_000\documents\github\mudserver\debug\mudserve.c2e1de5d.tlog\link-rc.read.1.tlog
d:\users\kvand_000\documents\github\mudserver\debug\mudserve.c2e1de5d.tlog\link-rc.write.1.tlog
d:\users\kvand_000\documents\github\mudserver\debug\mudserve.c2e1de5d.tlog\link.12380-cvtres.read.1.tlog
d:\users\kvand_000\documents\github\mudserver\debug\mudserve.c2e1de5d.tlog\link.12380-cvtres.write.1.tlog
d:\users\kvand_000\documents\github\mudserver\debug\mudserve.c2e1de5d.tlog\link.12380-rc.read.1.tlog
d:\users\kvand_000\documents\github\mudserver\debug\mudserve.c2e1de5d.tlog\link.12380-rc.write.1.tlog
d:\users\kvand_000\documents\github\mudserver\debug\mudserve.c2e1de5d.tlog\link.12380.read.1.tlog
d:\users\kvand_000\documents\github\mudserver\debug\mudserve.c2e1de5d.tlog\link.12380.write.1.tlog
d:\users\kvand_000\documents\github\mudserver\debug\mudserve.c2e1de5d.tlog\link.command.1.tlog
d:\users\kvand_000\documents\github\mudserver\debug\mudserve.c2e1de5d.tlog\link.read.1.tlog
d:\users\kvand_000\documents\github\mudserver\debug\mudserve.c2e1de5d.tlog\link.write.1.tlog
