<<<<<<< HEAD
<<<<<<< HEAD
﻿Build started 11/25/2015 11:44:09 AM.
=======
<<<<<<< HEAD
﻿Build started 2015-11-24 3:23:02 PM.
     1>Project "C:\Users\Jacob\Documents\GitHub\MUDserver\MUDServer_libevent.vcxproj" on node 2 (Build target(s)).
=======
﻿Build started 11/24/2015 3:00:42 PM.
>>>>>>> origin/master
     1>Project "D:\Users\kvand_000\Documents\GitHub\MUDserver\MUDServer_libevent.vcxproj" on node 2 (Build target(s)).
>>>>>>> refs/remotes/origin/master
     1>ClCompile:
         C:\Program Files (x86)\Microsoft Visual Studio 14.0\VC\bin\CL.exe /c /Iinclude /I"WIN32-Code" /ZI /nologo /W3 /WX- /Od /Oy- /D WIN32 /D _DEBUG /D _CONSOLE /D _UNICODE /D UNICODE /Gm /EHsc /RTC1 /MDd /GS /fp:precise /Zc:wchar_t /Zc:forScope /Zc:inline /Fo"Debug\\" /Fd"Debug\vc140.pdb" /Gd /TP /analyze- /errorReport:prompt TCPStream.cpp
         TCPStream.cpp
=======
﻿Build started 2015-11-25 10:08:21 AM.
     1>Project "C:\Users\Jacob\Documents\GitHub\MUDserver\MUDServer_libevent.vcxproj" on node 2 (Build target(s)).
     1>ClCompile:
         C:\Program Files (x86)\Microsoft Visual Studio 14.0\VC\bin\CL.exe /c /Iinclude /I"WIN32-Code" /ZI /nologo /W3 /WX- /Od /Oy- /D WIN32 /D _DEBUG /D _CONSOLE /D _UNICODE /D UNICODE /Gm /EHsc /RTC1 /MDd /GS /fp:precise /Zc:wchar_t /Zc:forScope /Zc:inline /Fo"Debug\\" /Fd"Debug\vc140.pdb" /Gd /TP /analyze- /errorReport:prompt GameWorld.cpp
         GameWorld.cpp
>>>>>>> origin/master
       Link:
         C:\Program Files (x86)\Microsoft Visual Studio 14.0\VC\bin\link.exe /ERRORREPORT:PROMPT /OUT:"C:\Users\Jacob\Documents\GitHub\MUDserver\Debug\MUDServer_libevent.exe" /INCREMENTAL /NOLOGO /LIBPATH:lib libevent.lib libevent_core.lib ws2_32.lib libevent_extras.lib kernel32.lib user32.lib gdi32.lib winspool.lib comdlg32.lib advapi32.lib shell32.lib ole32.lib oleaut32.lib uuid.lib odbc32.lib odbccp32.lib /MANIFEST /MANIFESTUAC:"level='asInvoker' uiAccess='false'" /manifest:embed /Debug /PDB:"C:\Users\Jacob\Documents\GitHub\MUDserver\Debug\MUDServer_libevent.pdb" /SUBSYSTEM:CONSOLE /TLBID:1 /DYNAMICBASE /NXCOMPAT /IMPLIB:"C:\Users\Jacob\Documents\GitHub\MUDserver\Debug\MUDServer_libevent.lib" /MACHINE:X86 Debug\ConnectionList.obj
         Debug\EntityList.obj
         Debug\FileParser.obj
         Debug\GameEntity.obj
         Debug\GameWorld.obj
         Debug\Item.obj
         Debug\Message.obj
         Debug\MessageBuffer.obj
         Debug\MUDServer_libevent.obj
         Debug\Parser.obj
         Debug\Player.obj
         Debug\Room.obj
         Debug\Server.obj
         Debug\TCPListener.obj
         Debug\TCPStream.obj
         MUDServer_libevent.vcxproj -> C:\Users\Jacob\Documents\GitHub\MUDserver\Debug\MUDServer_libevent.exe
     1>Done Building Project "C:\Users\Jacob\Documents\GitHub\MUDserver\MUDServer_libevent.vcxproj" (Build target(s)).

Build succeeded.

<<<<<<< HEAD
<<<<<<< HEAD
Time Elapsed 00:00:01.90
=======
<<<<<<< HEAD
Time Elapsed 00:00:01.91
=======
Time Elapsed 00:00:03.79
>>>>>>> refs/remotes/origin/master
>>>>>>> origin/master
=======
Time Elapsed 00:00:01.86
>>>>>>> origin/master
