d:\users\kvand_000\documents\github\mudserver\release\mudserver_libevent.bsc
d:\users\kvand_000\documents\github\mudserver\release\vc140.pdb
d:\users\kvand_000\documents\github\mudserver\release\connectionlist.sbr
d:\users\kvand_000\documents\github\mudserver\release\entitylist.sbr
d:\users\kvand_000\documents\github\mudserver\release\fileparser.sbr
d:\users\kvand_000\documents\github\mudserver\release\gameentity.sbr
d:\users\kvand_000\documents\github\mudserver\release\gameworld.sbr
d:\users\kvand_000\documents\github\mudserver\release\item.sbr
d:\users\kvand_000\documents\github\mudserver\release\message.sbr
d:\users\kvand_000\documents\github\mudserver\release\messagebuffer.sbr
d:\users\kvand_000\documents\github\mudserver\release\mudserver_libevent.sbr
d:\users\kvand_000\documents\github\mudserver\release\parser.sbr
d:\users\kvand_000\documents\github\mudserver\release\player.sbr
d:\users\kvand_000\documents\github\mudserver\release\playerstats.sbr
d:\users\kvand_000\documents\github\mudserver\release\room.sbr
d:\users\kvand_000\documents\github\mudserver\release\server.sbr
d:\users\kvand_000\documents\github\mudserver\release\tcplistener.sbr
d:\users\kvand_000\documents\github\mudserver\release\tcpstream.sbr
d:\users\kvand_000\documents\github\mudserver\release\utility.sbr
d:\users\kvand_000\documents\github\mudserver\release\utility.obj
d:\users\kvand_000\documents\github\mudserver\release\tcpstream.obj
d:\users\kvand_000\documents\github\mudserver\release\tcplistener.obj
d:\users\kvand_000\documents\github\mudserver\release\server.obj
d:\users\kvand_000\documents\github\mudserver\release\room.obj
d:\users\kvand_000\documents\github\mudserver\release\playerstats.obj
d:\users\kvand_000\documents\github\mudserver\release\player.obj
d:\users\kvand_000\documents\github\mudserver\release\parser.obj
d:\users\kvand_000\documents\github\mudserver\release\mudserver_libevent.obj
d:\users\kvand_000\documents\github\mudserver\release\messagebuffer.obj
d:\users\kvand_000\documents\github\mudserver\release\message.obj
d:\users\kvand_000\documents\github\mudserver\release\item.obj
d:\users\kvand_000\documents\github\mudserver\release\gameworld.obj
d:\users\kvand_000\documents\github\mudserver\release\gameentity.obj
d:\users\kvand_000\documents\github\mudserver\release\fileparser.obj
d:\users\kvand_000\documents\github\mudserver\release\entitylist.obj
d:\users\kvand_000\documents\github\mudserver\release\connectionlist.obj
d:\users\kvand_000\documents\github\mudserver\release\mudserver_libevent.exe
d:\users\kvand_000\documents\github\mudserver\release\mudserver_libevent.ipdb
d:\users\kvand_000\documents\github\mudserver\release\mudserver_libevent.iobj
d:\users\kvand_000\documents\github\mudserver\release\mudserver_libevent.pdb
d:\users\kvand_000\documents\github\mudserver\release\mudserve.c2e1de5d.tlog\bscmake.command.1.tlog
d:\users\kvand_000\documents\github\mudserver\release\mudserve.c2e1de5d.tlog\bscmake.read.1.tlog
d:\users\kvand_000\documents\github\mudserver\release\mudserve.c2e1de5d.tlog\bscmake.write.1.tlog
d:\users\kvand_000\documents\github\mudserver\release\mudserve.c2e1de5d.tlog\cl.command.1.tlog
d:\users\kvand_000\documents\github\mudserver\release\mudserve.c2e1de5d.tlog\cl.read.1.tlog
d:\users\kvand_000\documents\github\mudserver\release\mudserve.c2e1de5d.tlog\cl.write.1.tlog
d:\users\kvand_000\documents\github\mudserver\release\mudserve.c2e1de5d.tlog\link.command.1.tlog
d:\users\kvand_000\documents\github\mudserver\release\mudserve.c2e1de5d.tlog\link.read.1.tlog
d:\users\kvand_000\documents\github\mudserver\release\mudserve.c2e1de5d.tlog\link.write.1.tlog
