Build started 2015-12-02 10:10:53 PM.
     1>Project "C:\Users\Jacob\Documents\GitHub\MUDserver\MUDServer_libevent.vcxproj" on node 2 (Build target(s)).
     1>Link:
         C:\Program Files (x86)\Microsoft Visual Studio 14.0\VC\bin\link.exe /ERRORREPORT:PROMPT /OUT:"C:\Users\Jacob\Documents\GitHub\MUDserver\Release\MUDServer_libevent.exe" /INCREMENTAL /NOLOGO /LIBPATH:lib libevent.lib libevent_core.lib ws2_32.lib libevent_extras.lib kernel32.lib user32.lib gdi32.lib winspool.lib comdlg32.lib advapi32.lib shell32.lib ole32.lib oleaut32.lib uuid.lib odbc32.lib odbccp32.lib /MANIFEST /MANIFESTUAC:"level='asInvoker' uiAccess='false'" /manifest:embed /Debug /PDB:"C:\Users\Jacob\Documents\GitHub\MUDserver\Release\MUDServer_libevent.pdb" /SUBSYSTEM:CONSOLE /OPT:REF /OPT:ICF /LTCG:incremental /TLBID:1 /DYNAMICBASE /NXCOMPAT /IMPLIB:"C:\Users\Jacob\Documents\GitHub\MUDserver\Release\MUDServer_libevent.lib" /MACHINE:X86 /SAFESEH Release\ConnectionList.obj
         Release\EntityList.obj
         Release\FileParser.obj
         Release\GameEntity.obj
         Release\GameWorld.obj
         Release\Item.obj
         Release\Message.obj
         Release\MessageBuffer.obj
         Release\MUDServer_libevent.obj
         Release\Parser.obj
         Release\Player.obj
         Release\PlayerStats.obj
         Release\Room.obj
         Release\Server.obj
         Release\TCPListener.obj
         Release\TCPStream.obj
         Release\Utility.obj
     1>LINK : warning LNK4075: ignoring '/INCREMENTAL' due to '/LTCG' specification
     1>LINK : warning LNK4098: defaultlib 'LIBCMT' conflicts with use of other libs; use /NODEFAULTLIB:library
     1>EntityList.obj : error LNK2001: unresolved external symbol "protected: static class GameEntity EntityList::NullEntity" (?NullEntity@EntityList@@1VGameEntity@@A)
     1>EntityList.obj : error LNK2001: unresolved external symbol "public: static class GameEntity GameEntity::NullEntity" (?NullEntity@GameEntity@@2V1@A)
     1>C:\Users\Jacob\Documents\GitHub\MUDserver\Release\MUDServer_libevent.exe : fatal error LNK1120: 2 unresolved externals
     1>Done Building Project "C:\Users\Jacob\Documents\GitHub\MUDserver\MUDServer_libevent.vcxproj" (Build target(s)) -- FAILED.

Build FAILED.

Time Elapsed 00:00:00.42
